Base path: C:/Program Files/Unity/Editor/Data
Pipe name: \\.\pipe\UnityShaderCompiler-64bit-2-3324
Cmd: getPlatforms
Cmd: compileSnippet
  api=9 type=0 insize=3155 outsize=7708 kw= ok=1
Cmd: compileSnippet
  api=9 type=1 insize=3155 outsize=7 kw= ok=1
Cmd: compileSnippet
  api=9 type=0 insize=3153 outsize=7461 kw= ok=1
Cmd: compileSnippet
  api=9 type=1 insize=3153 outsize=7 kw= ok=1
Cmd: compileSnippet
  api=9 type=0 insize=3160 outsize=9410 kw= ok=1
Cmd: compileSnippet
  api=9 type=1 insize=3160 outsize=7 kw= ok=1
Cmd: compileSnippet
  api=9 type=0 insize=1194 outsize=7817 kw= ok=1
Cmd: compileSnippet
  api=9 type=1 insize=1194 outsize=7 kw= ok=1
Cmd: compileSnippet
  api=9 type=0 insize=935 outsize=7013 kw= ok=1
Cmd: compileSnippet
  api=9 type=1 insize=935 outsize=7 kw= ok=1
Cmd: compileSnippet
  api=9 type=0 insize=1298 outsize=5633 kw= ok=1
Cmd: compileSnippet
  api=9 type=1 insize=1298 outsize=7 kw= ok=1
Cmd: compileSnippet
  api=9 type=0 insize=1228 outsize=7411 kw= ok=1
Cmd: compileSnippet
  api=9 type=1 insize=1228 outsize=7 kw= ok=1
Cmd: compileSnippet
  api=8 type=0 insize=1228 outsize=2104 kw= ok=1
Cmd: compileSnippet
  api=8 type=1 insize=1228 outsize=1536 kw= ok=1
